~/workspace$ npx ts-node lib/test-tables.ts -f
/home/runner/.npm/_npx/1bf7c3c15bf47d04/node_modules/ts-node/src/index.ts:859
    return new TSError(diagnosticText, diagnosticCodes, diagnostics);
           ^
TSError: тип Unable to compile TypeScript:
lib/test-tables.ts:2:2 - error TS2362: The left-hand side of an arithmetic operation must be of type 'any', 'number', 'bigint' or an enum type.

2 #!/usr/bin/env node
   ~~~~~~~~~
lib/test-tables.ts:2:3 - error TS2872: This kind of expression is always truthy.

2 #!/usr/bin/env node
    ~~~~~~~~
lib/test-tables.ts:2:12 - error TS2304: Cannot find name 'env'.

2 #!/usr/bin/env node
             ~~~
lib/test-tables.ts:2:16 - error TS2552: Cannot find name 'node'. Did you mean 'Node'?

2 #!/usr/bin/env node
                 ~~~~

  node_modules/typescript/lib/lib.dom.d.ts:17189:13
    17189 declare var Node: {
                      ~~~~
    'Node' is declared here.
lib/test-tables.ts:32:8 - error TS2551: Property 'catch' does not exist on type 'PostgrestFilterBuilder<any, any, any, "get_tables", null>'. Did you mean 'match'?

32       .catch(() => ({ data: null, error: { message: 'get_tables RPC not available' } }))
          ~~~~~

  node_modules/@supabase/postgrest-js/dist/cjs/PostgrestFilterBuilder.d.ts:78:5
    78     match<ColumnName extends string & keyof Row>(query: Record<ColumnName, Row[ColumnName]>): this;
           ~~~~~
    'match' is declared here.
lib/test-tables.ts:2:1 - error TS18026: '#!' can only be used at the start of a file.

2 #!/usr/bin/env node
  ~~
lib/test-tables.ts:2:16 - error TS1005: ';' expected.

2 #!/usr/bin/env node
                 ~~~~

    at createTSError (/home/runner/.npm/_npx/1bf7c3c15bf47d04/node_modules/ts-node/src/index.ts:859:12)
    at reportTSError (/home/runner/.npm/_npx/1bf7c3c15bf47d04/node_modules/ts-node/src/index.ts:863:19)
    at getOutput (/home/runner/.npm/_npx/1bf7c3c15bf47d04/node_modules/ts-node/src/index.ts:1077:36)
    at Object.compile (/home/runner/.npm/_npx/1bf7c3c15bf47d04/node_modules/ts-node/src/index.ts:1433:41)
    at Module.m._compile (/home/runner/.npm/_npx/1bf7c3c15bf47d04/node_modules/ts-node/src/index.ts:1617:30)
    at Module._extensions..js (node:internal/modules/cjs/loader:1548:10)
    at Object.require.extensions.<computed> [as .ts] (/home/runner/.npm/_npx/1bf7c3c15bf47d04/node_modules/ts-node/src/index.ts:1621:12)
    at Module.load (node:internal/modules/cjs/loader:1288:32)
    at Function.Module._load (node:internal/modules/cjs/loader:1104:12)
    at Function.executeUserEntryPoint [as runMain] (node:internal/modules/run_main:173:12) {
  diagnosticCodes: [
    2362,  2872,
    2304,  2552,
    2551, 18026,
    1005
  ]
}